This is XeTeX, Version 3.141592653-2.6-0.999996 (MiKTeX 24.4) (preloaded format=xelatex 2026.1.26)  19 MAR 2026 19:37
entering extended mode
 restricted \write18 enabled.
 file:line:error style messages enabled.
 %&-line parsing enabled.
**c:/Users/Zer0/Documents/RProjects/MovieRankingNetwork/essay/essay.tex
(c:/Users/Zer0/Documents/RProjects/MovieRankingNetwork/essay/essay.tex
LaTeX2e <2024-06-01>
L3 programming layer <2024-05-08>
(C:\Users\Zer0\AppData\Local\Programs\MiKTeX\tex/latex/base\article.cls
Document Class: article 2024/02/08 v1.4n Standard LaTeX document class
(C:\Users\Zer0\AppData\Local\Programs\MiKTeX\tex/latex/base\size11.clo
File: size11.clo 2024/02/08 v1.4n Standard LaTeX file (size option)
)
\c@part=\count190
\c@section=\count191
\c@subsection=\count192
\c@subsubsection=\count193
\c@paragraph=\count194
\c@subparagraph=\count195
\c@figure=\count196
\c@table=\count197
\abovecaptionskip=\skip49
\belowcaptionskip=\skip50
\bibindent=\dimen141
)
(C:\Users\Zer0\AppData\Local\Programs\MiKTeX\tex/latex/base\inputenc.sty
Package: inputenc 2024/02/08 v1.3d Input encoding file
\inpenc@prehook=\toks17
\inpenc@posthook=\toks18


Package inputenc Warning: inputenc package ignored with utf8 based engines.

) (C:\Users\Zer0\AppData\Local\Programs\MiKTeX\tex/latex/base\fontenc.sty
Package: fontenc 2021/04/29 v2.0v Standard LaTeX package
LaTeX Font Info:    Trying to load font information for T1+lmr on input line 11
6.

(C:\Users\Zer0\AppData\Local\Programs\MiKTeX\tex/latex/lm\t1lmr.fd
File: t1lmr.fd 2015/05/01 v1.6.1 Font defs for Latin Modern
))
(C:\Users\Zer0\AppData\Local\Programs\MiKTeX\tex/generic/babel\babel.sty
Package: babel 2024/05/18 v24.5 The Babel package
\babel@savecnt=\count198
\U@D=\dimen142
\l@unhyphenated=\language79

(C:\Users\Zer0\AppData\Local\Programs\MiKTeX\tex/generic/babel\xebabel.def)
\bbl@readstream=\read2
\bbl@dirlevel=\count199

*************************************
* Local config file bblopts.cfg used
*
(C:\Users\Zer0\AppData\Local\Programs\MiKTeX\tex/latex/arabi\bblopts.cfg
File: bblopts.cfg 2005/09/08 v0.1 add Arabic and Farsi to "declared" options of
 babel
)
(C:\Users\Zer0\AppData\Local\Programs\MiKTeX\tex/latex/babel-german\ngerman.ldf
Language: ngerman 2024/12/10 v2.15 German support for babel (post-1996 orthogra
phy)

(C:\Users\Zer0\AppData\Local\Programs\MiKTeX\tex/latex/babel-german\ngermanb.ld
f
Language: ngermanb 2024/12/10 v2.15 German support for babel (post-1996 orthogr
aphy)
Package babel Info: Making " an active character on input line 122.
)))
(C:\Users\Zer0\AppData\Local\Programs\MiKTeX\tex/generic/babel/locale/de\babel-
ngerman.tex
Package babel Info: Importing font and identification data for ngerman
(babel)             from babel-de.ini. Reported on input line 11.
)
(C:\Users\Zer0\AppData\Local\Programs\MiKTeX\tex/latex/libertinus\libertinus.st
y
Package: libertinus 2020/05/06 v. 0.02 (Herbert Voss) Supports libertinus fonts
 for pdflatex/lualatex/xelatex
 (C:\Users\Zer0\AppData\Local\Programs\MiKTeX\tex/generic/iftex\iftex.sty
Package: iftex 2022/02/03 v1.0f TeX engine tests
)
(C:\Users\Zer0\AppData\Local\Programs\MiKTeX\tex/latex/xkeyval\xkeyval.sty
Package: xkeyval 2022/06/16 v2.9 package option processing (HA)

(C:\Users\Zer0\AppData\Local\Programs\MiKTeX\tex/generic/xkeyval\xkeyval.tex
(C:\Users\Zer0\AppData\Local\Programs\MiKTeX\tex/generic/xkeyval\xkvutils.tex
\XKV@toks=\toks19
\XKV@tempa@toks=\toks20

(C:\Users\Zer0\AppData\Local\Programs\MiKTeX\tex/generic/xkeyval\keyval.tex))
\XKV@depth=\count266
File: xkeyval.tex 2014/12/03 v2.7a key=value parser (HA)
))
(C:\Users\Zer0\AppData\Local\Programs\MiKTeX\tex/latex/libertinus-otf\libertinu
s-otf.sty
Package: libertinus-otf 2025/12/16 v. 0.34 (Herbert Voss) Supports libertinus f
onts for lualatex and xelatex.

(C:\Users\Zer0\AppData\Local\Programs\MiKTeX\tex/latex/unicode-math\unicode-mat
h.sty (C:\Users\Zer0\AppData\Local\Programs\MiKTeX\tex/latex/l3kernel\expl3.sty
Package: expl3 2024-05-08 L3 programming layer (loader) 

(C:\Users\Zer0\AppData\Local\Programs\MiKTeX\tex/latex/l3backend\l3backend-xete
x.def
File: l3backend-xetex.def 2024-05-08 L3 backend support: XeTeX
\g__graphics_track_int=\count267
\l__pdf_internal_box=\box52
\g__pdf_backend_annotation_int=\count268
\g__pdf_backend_link_int=\count269
))
Package: unicode-math 2023/08/13 v0.8r Unicode maths in XeLaTeX and LuaLaTeX

(C:\Users\Zer0\AppData\Local\Programs\MiKTeX\tex/latex/unicode-math\unicode-mat
h-xetex.sty
Package: unicode-math-xetex 2023/08/13 v0.8r Unicode maths in XeLaTeX and LuaLa
TeX

(C:\Users\Zer0\AppData\Local\Programs\MiKTeX\tex/latex/l3packages/xparse\xparse
.sty
Package: xparse 2024-05-08 L3 Experimental document command parser
)
(C:\Users\Zer0\AppData\Local\Programs\MiKTeX\tex/latex/l3packages/l3keys2e\l3ke
ys2e.sty
Package: l3keys2e 2024-05-08 LaTeX2e option processing using LaTeX3 keys
)
(C:\Users\Zer0\AppData\Local\Programs\MiKTeX\tex/latex/fontspec\fontspec.sty
Package: fontspec 2024/05/11 v2.9e Font selection for XeLaTeX and LuaLaTeX

(C:\Users\Zer0\AppData\Local\Programs\MiKTeX\tex/latex/fontspec\fontspec-xetex.
sty
Package: fontspec-xetex 2024/05/11 v2.9e Font selection for XeLaTeX and LuaLaTe
X
\l__fontspec_script_int=\count270
\l__fontspec_language_int=\count271
\l__fontspec_strnum_int=\count272
\l__fontspec_tmp_int=\count273
\l__fontspec_tmpa_int=\count274
\l__fontspec_tmpb_int=\count275
\l__fontspec_tmpc_int=\count276
\l__fontspec_em_int=\count277
\l__fontspec_emdef_int=\count278
\l__fontspec_strong_int=\count279
\l__fontspec_strongdef_int=\count280
\l__fontspec_tmpa_dim=\dimen143
\l__fontspec_tmpb_dim=\dimen144
\l__fontspec_tmpc_dim=\dimen145
 (C:\Users\Zer0\AppData\Local\Programs\MiKTeX\tex/latex/base\fontenc.sty
Package: fontenc 2021/04/29 v2.0v Standard LaTeX package
)
(C:\Users\Zer0\AppData\Local\Programs\MiKTeX\tex/latex/fontspec\fontspec.cfg)))
(C:\Users\Zer0\AppData\Local\Programs\MiKTeX\tex/latex/base\fix-cm.sty
Package: fix-cm 2020/11/24 v1.1t fixes to LaTeX

(C:\Users\Zer0\AppData\Local\Programs\MiKTeX\tex/latex/base\ts1enc.def
File: ts1enc.def 2001/06/05 v3.0e (jk/car/fm) Standard LaTeX file
LaTeX Font Info:    Redeclaring font encoding TS1 on input line 47.
))
(C:\Users\Zer0\AppData\Local\Programs\MiKTeX\tex/latex/amsmath\amsmath.sty
Package: amsmath 2023/05/13 v2.17o AMS math features
\@mathmargin=\skip51

For additional information on amsmath, use the `?' option.
(C:\Users\Zer0\AppData\Local\Programs\MiKTeX\tex/latex/amsmath\amstext.sty
Package: amstext 2021/08/26 v2.01 AMS text

(C:\Users\Zer0\AppData\Local\Programs\MiKTeX\tex/latex/amsmath\amsgen.sty
File: amsgen.sty 1999/11/30 v2.0 generic functions
\@emptytoks=\toks21
\ex@=\dimen146
))
(C:\Users\Zer0\AppData\Local\Programs\MiKTeX\tex/latex/amsmath\amsbsy.sty
Package: amsbsy 1999/11/29 v1.2d Bold Symbols
\pmbraise@=\dimen147
)
(C:\Users\Zer0\AppData\Local\Programs\MiKTeX\tex/latex/amsmath\amsopn.sty
Package: amsopn 2022/04/08 v2.04 operator names
)
\inf@bad=\count281
LaTeX Info: Redefining \frac on input line 234.
\uproot@=\count282
\leftroot@=\count283
LaTeX Info: Redefining \overline on input line 399.
LaTeX Info: Redefining \colon on input line 410.
\classnum@=\count284
\DOTSCASE@=\count285
LaTeX Info: Redefining \ldots on input line 496.
LaTeX Info: Redefining \dots on input line 499.
LaTeX Info: Redefining \cdots on input line 620.
\Mathstrutbox@=\box53
\strutbox@=\box54
LaTeX Info: Redefining \big on input line 722.
LaTeX Info: Redefining \Big on input line 723.
LaTeX Info: Redefining \bigg on input line 724.
LaTeX Info: Redefining \Bigg on input line 725.
\big@size=\dimen148
LaTeX Font Info:    Redeclaring font encoding OML on input line 743.
LaTeX Font Info:    Redeclaring font encoding OMS on input line 744.
\macc@depth=\count286
LaTeX Info: Redefining \bmod on input line 905.
LaTeX Info: Redefining \pmod on input line 910.
LaTeX Info: Redefining \smash on input line 940.
LaTeX Info: Redefining \relbar on input line 970.
LaTeX Info: Redefining \Relbar on input line 971.
\c@MaxMatrixCols=\count287
\dotsspace@=\muskip17
\c@parentequation=\count288
\dspbrk@lvl=\count289
\tag@help=\toks22
\row@=\count290
\column@=\count291
\maxfields@=\count292
\andhelp@=\toks23
\eqnshift@=\dimen149
\alignsep@=\dimen150
\tagshift@=\dimen151
\tagwidth@=\dimen152
\totwidth@=\dimen153
\lineht@=\dimen154
\@envbody=\toks24
\multlinegap=\skip52
\multlinetaggap=\skip53
\mathdisplay@stack=\toks25
LaTeX Info: Redefining \[ on input line 2953.
LaTeX Info: Redefining \] on input line 2954.
)
\g__um_fam_int=\count293
\g__um_fonts_used_int=\count294
\l__um_primecount_int=\count295
\g__um_primekern_muskip=\muskip18

(C:\Users\Zer0\AppData\Local\Programs\MiKTeX\tex/latex/unicode-math\unicode-mat
h-table.tex)))
Requested font "[LibertinusSerif-Regular.otf]/OT" at 10.94997pt
 -> C:/Users/Zer0/AppData/Local/Programs/MiKTeX/fonts/opentype/public/libertinu
s-fonts/LibertinusSerif-Regular.otf
Requested font "[LibertinusSerif-Regular.otf]/OT" at 10.95003pt
 -> C:/Users/Zer0/AppData/Local/Programs/MiKTeX/fonts/opentype/public/libertinu
s-fonts/LibertinusSerif-Regular.otf
Requested font "[LibertinusSerif-Regular.otf]/OT:script=latn;language=dflt;" at
 10.95003pt
 -> C:/Users/Zer0/AppData/Local/Programs/MiKTeX/fonts/opentype/public/libertinu
s-fonts/LibertinusSerif-Regular.otf
Requested font "[LibertinusSerif-Bold.otf]/OT:script=latn;language=dflt;" at 10
.95003pt
 -> C:/Users/Zer0/AppData/Local/Programs/MiKTeX/fonts/opentype/public/libertinu
s-fonts/LibertinusSerif-Bold.otf
Requested font "[LibertinusSerif-Italic.otf]/OT:script=latn;language=dflt;" at 
10.95003pt
 -> C:/Users/Zer0/AppData/Local/Programs/MiKTeX/fonts/opentype/public/libertinu
s-fonts/LibertinusSerif-Italic.otf
Requested font "[LibertinusSerif-BoldItalic.otf]/OT:script=latn;language=dflt;"
 at 10.95003pt
 -> C:/Users/Zer0/AppData/Local/Programs/MiKTeX/fonts/opentype/public/libertinu
s-fonts/LibertinusSerif-BoldItalic.otf
LaTeX Font Info:    Overwriting math alphabet `\mathrm' in version `normal'
(Font)                  OT1/cmr/m/n --> TU/LibertinusSerif(1)/m/n on input line
 242.
LaTeX Font Info:    Overwriting math alphabet `\mathit' in version `normal'
(Font)                  OT1/cmr/m/it --> TU/LibertinusSerif(1)/m/it on input li
ne 242.
LaTeX Font Info:    Overwriting math alphabet `\mathbf' in version `normal'
(Font)                  OT1/cmr/bx/n --> TU/LibertinusSerif(1)/b/n on input lin
e 242.
LaTeX Font Info:    Font shape `TU/LibertinusSerif(0)/m/n' will be
(Font)              scaled to size 10.95pt on input line 242.
Requested font "[LibertinusSerif-Regular.otf]/OT:script=latn;language=dflt;+hv-
kern;+tnum;+lnum;mapping=tex-text;" at 10.95pt
 -> C:/Users/Zer0/AppData/Local/Programs/MiKTeX/fonts/opentype/public/libertinu
s-fonts/LibertinusSerif-Regular.otf
Requested font "[LibertinusSerif-Semibold.otf]/OT:script=latn;language=dflt;" a
t 10.95003pt
 -> C:/Users/Zer0/AppData/Local/Programs/MiKTeX/fonts/opentype/public/libertinu
s-fonts/LibertinusSerif-Semibold.otf
Requested font "[LibertinusSerif-SemiboldItalic.otf]/OT:script=latn;language=df
lt;" at 10.95003pt
 -> C:/Users/Zer0/AppData/Local/Programs/MiKTeX/fonts/opentype/public/libertinu
s-fonts/LibertinusSerif-SemiboldItalic.otf
Requested font "[LibertinusSans-Regular.otf]/OT" at 10.94997pt
 -> C:/Users/Zer0/AppData/Local/Programs/MiKTeX/fonts/opentype/public/libertinu
s-fonts/LibertinusSans-Regular.otf
Requested font "[LibertinusSans-Regular.otf]/OT" at 10.95003pt
 -> C:/Users/Zer0/AppData/Local/Programs/MiKTeX/fonts/opentype/public/libertinu
s-fonts/LibertinusSans-Regular.otf
Requested font "[LibertinusSans-Regular.otf]/OT:script=latn;language=dflt;" at 
10.95003pt
 -> C:/Users/Zer0/AppData/Local/Programs/MiKTeX/fonts/opentype/public/libertinu
s-fonts/LibertinusSans-Regular.otf
Requested font "[LibertinusSans-Bold.otf]/OT:script=latn;language=dflt;" at 10.
95003pt
 -> C:/Users/Zer0/AppData/Local/Programs/MiKTeX/fonts/opentype/public/libertinu
s-fonts/LibertinusSans-Bold.otf
Requested font "[LibertinusSans-Italic.otf]/OT:script=latn;language=dflt;" at 1
0.95003pt
 -> C:/Users/Zer0/AppData/Local/Programs/MiKTeX/fonts/opentype/public/libertinu
s-fonts/LibertinusSans-Italic.otf
LaTeX Font Info:    Overwriting math alphabet `\mathsf' in version `normal'
(Font)                  OT1/cmss/m/n --> TU/LibertinusSans(1)/m/n on input line
 322.
LaTeX Font Info:    Overwriting math alphabet `\mathsf' in version `bold'
(Font)                  OT1/cmss/bx/n --> TU/LibertinusSans(1)/b/n on input lin
e 322.
Requested font "[LibertinusMono-Regular.otf]/OT" at 10.94997pt
 -> C:/Users/Zer0/AppData/Local/Programs/MiKTeX/fonts/opentype/public/libertinu
s-fonts/LibertinusMono-Regular.otf
Requested font "[LibertinusMono-Regular.otf]/OT" at 10.95003pt
 -> C:/Users/Zer0/AppData/Local/Programs/MiKTeX/fonts/opentype/public/libertinu
s-fonts/LibertinusMono-Regular.otf
Requested font "[LibertinusMono-Regular.otf]/OT:script=latn;language=dflt;" at 
10.95003pt
 -> C:/Users/Zer0/AppData/Local/Programs/MiKTeX/fonts/opentype/public/libertinu
s-fonts/LibertinusMono-Regular.otf
LaTeX Font Info:    Overwriting math alphabet `\mathtt' in version `normal'
(Font)                  OT1/cmtt/m/n --> TU/LibertinusMono(1)/m/n on input line
 379.
LaTeX Font Info:    Overwriting math alphabet `\mathtt' in version `bold'
(Font)                  OT1/cmtt/m/n --> TU/LibertinusMono(1)/b/n on input line
 379.

*************************************
* Using libertinus math *
*************************************
Requested font "[LibertinusMath-Regular.otf]/OT" at 10.94997pt
 -> C:/Users/Zer0/AppData/Local/Programs/MiKTeX/fonts/opentype/public/libertinu
s-fonts/LibertinusMath-Regular.otf
Requested font "[LibertinusMath-Regular.otf]/OT" at 10.95003pt
 -> C:/Users/Zer0/AppData/Local/Programs/MiKTeX/fonts/opentype/public/libertinu
s-fonts/LibertinusMath-Regular.otf
Requested font "[LibertinusMath-Regular.otf]/OT:script=math;language=dflt;" at 
10.95003pt
 -> C:/Users/Zer0/AppData/Local/Programs/MiKTeX/fonts/opentype/public/libertinu
s-fonts/LibertinusMath-Regular.otf
Requested font "[LibertinusMath-Regular.otf]/OT:script=math;language=dflt;" at 
10.95pt
 -> C:/Users/Zer0/AppData/Local/Programs/MiKTeX/fonts/opentype/public/libertinu
s-fonts/LibertinusMath-Regular.otf
LaTeX Font Info:    Encoding `OT1' has changed to `TU' for symbol font
(Font)              `operators' in the math version `normal' on input line 404.

LaTeX Font Info:    Overwriting symbol font `operators' in version `normal'
(Font)                  OT1/cmr/m/n --> TU/LibertinusMath-Regular.otf(1)/m/n on
 input line 404.
LaTeX Font Info:    Encoding `OT1' has changed to `TU' for symbol font
(Font)              `operators' in the math version `bold' on input line 404.
LaTeX Font Info:    Overwriting symbol font `operators' in version `bold'
(Font)                  OT1/cmr/bx/n --> TU/LibertinusMath-Regular.otf(1)/b/n o
n input line 404.
LaTeX Font Info:    Encoding `OMS' has changed to `TU' for symbol font
(Font)              `symbols' in the math version `normal' on input line 404.
LaTeX Font Info:    Overwriting symbol font `symbols' in version `normal'
(Font)                  OMS/cmsy/m/n --> TU/LibertinusMath-Regular.otf(2)/m/n o
n input line 404.
LaTeX Font Info:    Encoding `OMS' has changed to `TU' for symbol font
(Font)              `symbols' in the math version `bold' on input line 404.
LaTeX Font Info:    Overwriting symbol font `symbols' in version `bold'
(Font)                  OMS/cmsy/b/n --> TU/LibertinusMath-Regular.otf(2)/b/n o
n input line 404.
LaTeX Font Info:    Encoding `OMX' has changed to `TU' for symbol font
(Font)              `largesymbols' in the math version `normal' on input line 4
04.
LaTeX Font Info:    Overwriting symbol font `largesymbols' in version `normal'
(Font)                  OMX/cmex/m/n --> TU/LibertinusMath-Regular.otf(3)/m/n o
n input line 404.
LaTeX Font Info:    Encoding `OMX' has changed to `TU' for symbol font
(Font)              `largesymbols' in the math version `bold' on input line 404
.
LaTeX Font Info:    Overwriting symbol font `largesymbols' in version `bold'
(Font)                  OMX/cmex/m/n --> TU/LibertinusMath-Regular.otf(3)/b/n o
n input line 404.
LaTeX Font Info:    Redeclaring math version `bold' on input line 406.
Requested font "[LibertinusMath-Regular.otf]/OT:script=math;language=dflt;embol
den=3;" at 10.95pt
 -> C:/Users/Zer0/AppData/Local/Programs/MiKTeX/fonts/opentype/public/libertinu
s-fonts/LibertinusMath-Regular.otf
LaTeX Font Info:    Encoding `OT1' has changed to `TU' for symbol font
(Font)              `operators' in the math version `bold' on input line 406.
LaTeX Font Info:    Overwriting symbol font `operators' in version `bold'
(Font)                  OT1/cmr/m/n --> TU/LibertinusMath-Regular.otf(5)/m/n on
 input line 406.
LaTeX Font Info:    Encoding `OMS' has changed to `TU' for symbol font
(Font)              `symbols' in the math version `bold' on input line 406.
LaTeX Font Info:    Overwriting symbol font `symbols' in version `bold'
(Font)                  OMS/cmsy/m/n --> TU/LibertinusMath-Regular.otf(6)/m/n o
n input line 406.
LaTeX Font Info:    Encoding `OMX' has changed to `TU' for symbol font
(Font)              `largesymbols' in the math version `bold' on input line 406
.
LaTeX Font Info:    Overwriting symbol font `largesymbols' in version `bold'
(Font)                  OMX/cmex/m/n --> TU/LibertinusMath-Regular.otf(7)/m/n o
n input line 406.
Requested font "[LinBiolinum_K.otf]" scaled 1000
 -> C:/Users/Zer0/AppData/Local/Programs/MiKTeX/fonts/opentype/public/libertine
/LinBiolinum_K.otf
Requested font "[LibertinusKeyboard-Regular.otf]" scaled 1000
 -> C:/Users/Zer0/AppData/Local/Programs/MiKTeX/fonts/opentype/public/libertinu
s-fonts/LibertinusKeyboard-Regular.otf
Requested font "[LibertinusSerifDisplay-Regular.otf]/OT" at 10.94997pt
 -> C:/Users/Zer0/AppData/Local/Programs/MiKTeX/fonts/opentype/public/libertinu
s-fonts/LibertinusSerifDisplay-Regular.otf
Requested font "[LibertinusSerifDisplay-Regular.otf]/OT" at 10.95003pt
 -> C:/Users/Zer0/AppData/Local/Programs/MiKTeX/fonts/opentype/public/libertinu
s-fonts/LibertinusSerifDisplay-Regular.otf
Requested font "[LibertinusSerifDisplay-Regular.otf]/OT:script=latn;language=df
lt;" at 10.95003pt
 -> C:/Users/Zer0/AppData/Local/Programs/MiKTeX/fonts/opentype/public/libertinu
s-fonts/LibertinusSerifDisplay-Regular.otf
Requested font "[LibertinusSerifInitials-Regular.otf]/OT" at 10.94997pt
 -> C:/Users/Zer0/AppData/Local/Programs/MiKTeX/fonts/opentype/public/libertinu
s-fonts/LibertinusSerifInitials-Regular.otf
Requested font "[LibertinusSerifInitials-Regular.otf]/OT" at 10.95003pt
 -> C:/Users/Zer0/AppData/Local/Programs/MiKTeX/fonts/opentype/public/libertinu
s-fonts/LibertinusSerifInitials-Regular.otf
Requested font "[LibertinusSerifInitials-Regular.otf]/OT:language=dflt;" at 10.
95003pt
 -> C:/Users/Zer0/AppData/Local/Programs/MiKTeX/fonts/opentype/public/libertinu
s-fonts/LibertinusSerifInitials-Regular.otf
)) (C:\Users\Zer0\AppData\Local\Programs\MiKTeX\tex/latex/import\import.sty
Package: import 2020/04/01  v 6.2
)
(C:\Users\Zer0\AppData\Local\Programs\MiKTeX\tex/latex/tocloft\tocloft.sty
Package: tocloft 2017/08/31 v2.3i parameterised ToC, etc., typesetting
Package tocloft Info: The document has section divisions on input line 51.
\cftparskip=\skip54
\cftbeforetoctitleskip=\skip55
\cftaftertoctitleskip=\skip56
\cftbeforepartskip=\skip57
\cftpartnumwidth=\skip58
\cftpartindent=\skip59
\cftbeforesecskip=\skip60
\cftsecindent=\skip61
\cftsecnumwidth=\skip62
\cftbeforesubsecskip=\skip63
\cftsubsecindent=\skip64
\cftsubsecnumwidth=\skip65
\cftbeforesubsubsecskip=\skip66
\cftsubsubsecindent=\skip67
\cftsubsubsecnumwidth=\skip68
\cftbeforeparaskip=\skip69
\cftparaindent=\skip70
\cftparanumwidth=\skip71
\cftbeforesubparaskip=\skip72
\cftsubparaindent=\skip73
\cftsubparanumwidth=\skip74
\cftbeforeloftitleskip=\skip75
\cftafterloftitleskip=\skip76
\cftbeforefigskip=\skip77
\cftfigindent=\skip78
\cftfignumwidth=\skip79
\c@lofdepth=\count296
\c@lotdepth=\count297
\cftbeforelottitleskip=\skip80
\cftafterlottitleskip=\skip81
\cftbeforetabskip=\skip82
\cfttabindent=\skip83
\cfttabnumwidth=\skip84
)
(C:\Users\Zer0\AppData\Local\Programs\MiKTeX\tex/latex/graphics\graphicx.sty
Package: graphicx 2021/09/16 v1.2d Enhanced LaTeX Graphics (DPC,SPQR)

(C:\Users\Zer0\AppData\Local\Programs\MiKTeX\tex/latex/graphics\graphics.sty
Package: graphics 2022/03/10 v1.4e Standard LaTeX Graphics (DPC,SPQR)

(C:\Users\Zer0\AppData\Local\Programs\MiKTeX\tex/latex/graphics\trig.sty
Package: trig 2021/08/11 v1.11 sin cos tan (DPC)
)
(C:\Users\Zer0\AppData\Local\Programs\MiKTeX\tex/latex/graphics-cfg\graphics.cf
g
File: graphics.cfg 2016/06/04 v1.11 sample graphics configuration
)
Package graphics Info: Driver file: xetex.def on input line 107.

(C:\Users\Zer0\AppData\Local\Programs\MiKTeX\tex/latex/graphics-def\xetex.def
File: xetex.def 2022/09/22 v5.0n Graphics/color driver for xetex
))
\Gin@req@height=\dimen155
\Gin@req@width=\dimen156
) (C:\Users\Zer0\AppData\Local\Programs\MiKTeX\tex/latex/caption\subcaption.sty
Package: subcaption 2023/07/28 v1.6b Sub-captions (AR)
(C:\Users\Zer0\AppData\Local\Programs\MiKTeX\tex/latex/caption\caption.sty
Package: caption 2023/08/05 v3.6o Customizing captions (AR)

(C:\Users\Zer0\AppData\Local\Programs\MiKTeX\tex/latex/caption\caption3.sty
Package: caption3 2023/07/31 v2.4d caption3 kernel (AR)
\caption@tempdima=\dimen157
\captionmargin=\dimen158
\caption@leftmargin=\dimen159
\caption@rightmargin=\dimen160
\caption@width=\dimen161
\caption@indent=\dimen162
\caption@parindent=\dimen163
\caption@hangindent=\dimen164
Package caption Info: Standard document class detected.
)
\c@caption@flags=\count298
\c@continuedfloat=\count299
)
Package caption Info: New subtype `subfigure' on input line 238.
\c@subfigure=\count300
Package caption Info: New subtype `subtable' on input line 238.
\c@subtable=\count301
)
(C:\Users\Zer0\AppData\Local\Programs\MiKTeX\tex/latex/geometry\geometry.sty
Package: geometry 2020/01/02 v5.9 Page Geometry

(C:\Users\Zer0\AppData\Local\Programs\MiKTeX\tex/generic/iftex\ifvtex.sty
Package: ifvtex 2019/10/25 v1.7 ifvtex legacy package. Use iftex instead.
)
\Gm@cnth=\count302
\Gm@cntv=\count303
\c@Gm@tempcnt=\count304
\Gm@bindingoffset=\dimen165
\Gm@wd@mp=\dimen166
\Gm@odd@mp=\dimen167
\Gm@even@mp=\dimen168
\Gm@layoutwidth=\dimen169
\Gm@layoutheight=\dimen170
\Gm@layouthoffset=\dimen171
\Gm@layoutvoffset=\dimen172
\Gm@dimlist=\toks26

(C:\Users\Zer0\AppData\Local\Programs\MiKTeX\tex/latex/geometry\geometry.cfg))
(C:\Users\Zer0\AppData\Local\Programs\MiKTeX\tex/latex/setspace\setspace.sty
Package: setspace 2022/12/04 v6.7b set line spacing
)
(C:\Users\Zer0\AppData\Local\Programs\MiKTeX\tex/latex/biblatex\biblatex.sty
Package: biblatex 2024/03/21 v3.20 programmable bibliographies (PK/MW)

(C:\Users\Zer0\AppData\Local\Programs\MiKTeX\tex/generic/pdftexcmds\pdftexcmds.
sty
Package: pdftexcmds 2020-06-27 v0.33 Utility functions of pdfTeX for LuaTeX (HO
)

(C:\Users\Zer0\AppData\Local\Programs\MiKTeX\tex/generic/infwarerr\infwarerr.st
y
Package: infwarerr 2019/12/03 v1.5 Providing info/warning/error messages (HO)
) (C:\Users\Zer0\AppData\Local\Programs\MiKTeX\tex/generic/ltxcmds\ltxcmds.sty
Package: ltxcmds 2023-12-04 v1.26 LaTeX kernel commands for general use (HO)
)
Package pdftexcmds Info: \pdf@primitive is available.
Package pdftexcmds Info: \pdf@ifprimitive is available.
Package pdftexcmds Info: \pdfdraftmode not found.
) (C:\Users\Zer0\AppData\Local\Programs\MiKTeX\tex/latex/etoolbox\etoolbox.sty
Package: etoolbox 2020/10/05 v2.5k e-TeX tools for LaTeX (JAW)
\etb@tempcnta=\count305
)
(C:\Users\Zer0\AppData\Local\Programs\MiKTeX\tex/latex/kvoptions\kvoptions.sty
Package: kvoptions 2022-06-15 v3.15 Key value format for package options (HO)

(C:\Users\Zer0\AppData\Local\Programs\MiKTeX\tex/latex/kvsetkeys\kvsetkeys.sty
Package: kvsetkeys 2022-10-05 v1.19 Key value parser (HO)
)) (C:\Users\Zer0\AppData\Local\Programs\MiKTeX\tex/latex/logreq\logreq.sty
Package: logreq 2010/08/04 v1.0 xml request logger
\lrq@indent=\count306

(C:\Users\Zer0\AppData\Local\Programs\MiKTeX\tex/latex/logreq\logreq.def
File: logreq.def 2010/08/04 v1.0 logreq spec v1.0
))
(C:\Users\Zer0\AppData\Local\Programs\MiKTeX\tex/latex/base\ifthen.sty
Package: ifthen 2024/03/16 v1.1e Standard LaTeX ifthen package (DPC)
)
(C:\Users\Zer0\AppData\Local\Programs\MiKTeX\tex/latex/url\url.sty
\Urlmuskip=\muskip19
Package: url 2013/09/16  ver 3.4  Verb mode for urls, etc.
)
\c@tabx@nest=\count307
\c@listtotal=\count308
\c@listcount=\count309
\c@liststart=\count310
\c@liststop=\count311
\c@citecount=\count312
\c@citetotal=\count313
\c@multicitecount=\count314
\c@multicitetotal=\count315
\c@instcount=\count316
\c@maxnames=\count317
\c@minnames=\count318
\c@maxitems=\count319
\c@minitems=\count320
\c@citecounter=\count321
\c@maxcitecounter=\count322
\c@savedcitecounter=\count323
\c@uniquelist=\count324
\c@uniquename=\count325
\c@refsection=\count326
\c@refsegment=\count327
\c@maxextratitle=\count328
\c@maxextratitleyear=\count329
\c@maxextraname=\count330
\c@maxextradate=\count331
\c@maxextraalpha=\count332
\c@abbrvpenalty=\count333
\c@highnamepenalty=\count334
\c@lownamepenalty=\count335
\c@maxparens=\count336
\c@parenlevel=\count337
\blx@tempcnta=\count338
\blx@tempcntb=\count339
\blx@tempcntc=\count340
\c@blx@maxsection=\count341
\blx@maxsegment@0=\count342
\blx@notetype=\count343
\blx@parenlevel@text=\count344
\blx@parenlevel@foot=\count345
\blx@sectionciteorder@0=\count346
\blx@sectionciteorderinternal@0=\count347
\blx@entrysetcounter=\count348
\blx@biblioinstance=\count349
\labelnumberwidth=\skip85
\labelalphawidth=\skip86
\biblabelsep=\skip87
\bibitemsep=\skip88
\bibnamesep=\skip89
\bibinitsep=\skip90
\bibparsep=\skip91
\bibhang=\skip92
\blx@bcfin=\read3
\blx@bcfout=\write3
\blx@langwohyphens=\language80
\c@mincomprange=\count350
\c@maxcomprange=\count351
\c@mincompwidth=\count352
Package biblatex Info: Trying to load biblatex default data model...
Package biblatex Info: ... file 'blx-dm.def' found.

(C:\Users\Zer0\AppData\Local\Programs\MiKTeX\tex/latex/biblatex\blx-dm.def
File: blx-dm.def 2024/03/21 v3.20 biblatex datamodel (PK/MW)
)
Package biblatex Info: Trying to load biblatex style data model...
Package biblatex Info: ... file 'apa.dbx' found.

(C:\Users\Zer0\AppData\Local\Programs\MiKTeX\tex/latex/biblatex-apa\apa.dbx
File: apa.dbx 2025/08/27 v9.20 APA biblatex style data model
)
Package biblatex Info: Trying to load biblatex custom data model...
Package biblatex Info: ... file 'biblatex-dm.cfg' not found.
\c@afterword=\count353
\c@savedafterword=\count354
\c@annotator=\count355
\c@savedannotator=\count356
\c@author=\count357
\c@savedauthor=\count358
\c@bookauthor=\count359
\c@savedbookauthor=\count360
\c@commentator=\count361
\c@savedcommentator=\count362
\c@editor=\count363
\c@savededitor=\count364
\c@editora=\count365
\c@savededitora=\count366
\c@editorb=\count367
\c@savededitorb=\count368
\c@editorc=\count369
\c@savededitorc=\count370
\c@foreword=\count371
\c@savedforeword=\count372
\c@holder=\count373
\c@savedholder=\count374
\c@introduction=\count375
\c@savedintroduction=\count376
\c@namea=\count377
\c@savednamea=\count378
\c@nameb=\count379
\c@savednameb=\count380
\c@namec=\count381
\c@savednamec=\count382
\c@translator=\count383
\c@savedtranslator=\count384
\c@shortauthor=\count385
\c@savedshortauthor=\count386
\c@shorteditor=\count387
\c@savedshorteditor=\count388
\c@narrator=\count389
\c@savednarrator=\count390
\c@execproducer=\count391
\c@savedexecproducer=\count392
\c@execdirector=\count393
\c@savedexecdirector=\count394
\c@with=\count395
\c@savedwith=\count396
\c@labelname=\count397
\c@savedlabelname=\count398
\c@institution=\count399
\c@savedinstitution=\count400
\c@lista=\count401
\c@savedlista=\count402
\c@listb=\count403
\c@savedlistb=\count404
\c@listc=\count405
\c@savedlistc=\count406
\c@listd=\count407
\c@savedlistd=\count408
\c@liste=\count409
\c@savedliste=\count410
\c@listf=\count411
\c@savedlistf=\count412
\c@location=\count413
\c@savedlocation=\count414
\c@organization=\count415
\c@savedorganization=\count416
\c@origlocation=\count417
\c@savedoriglocation=\count418
\c@origpublisher=\count419
\c@savedorigpublisher=\count420
\c@publisher=\count421
\c@savedpublisher=\count422
\c@language=\count423
\c@savedlanguage=\count424
\c@origlanguage=\count425
\c@savedoriglanguage=\count426
\c@citation=\count427
\c@savedcitation=\count428
\c@pageref=\count429
\c@savedpageref=\count430
\shorthandwidth=\skip93
\shortjournalwidth=\skip94
\shortserieswidth=\skip95
\shorttitlewidth=\skip96
\shortauthorwidth=\skip97
\shorteditorwidth=\skip98
\locallabelnumberwidth=\skip99
\locallabelalphawidth=\skip100
\localshorthandwidth=\skip101
\localshortjournalwidth=\skip102
\localshortserieswidth=\skip103
\localshorttitlewidth=\skip104
\localshortauthorwidth=\skip105
\localshorteditorwidth=\skip106
Package biblatex Info: Trying to load enhanced support for Unicode engines...
Package biblatex Info: ... file 'blx-unicode.def' found.

(C:\Users\Zer0\AppData\Local\Programs\MiKTeX\tex/latex/biblatex\blx-unicode.def
)
Package biblatex Info: Trying to load compatibility code...
Package biblatex Info: ... file 'blx-compat.def' found.

(C:\Users\Zer0\AppData\Local\Programs\MiKTeX\tex/latex/biblatex\blx-compat.def
File: blx-compat.def 2024/03/21 v3.20 biblatex compatibility (PK/MW)
)
Package biblatex Info: Trying to load generic definitions...
Package biblatex Info: ... file 'biblatex.def' found.
(C:\Users\Zer0\AppData\Local\Programs\MiKTeX\tex/latex/biblatex\biblatex.def
File: biblatex.def 2024/03/21 v3.20 biblatex compatibility (PK/MW)
\c@textcitecount=\count431
\c@textcitetotal=\count432
\c@textcitemaxnames=\count433
\c@biburlbigbreakpenalty=\count434
\c@biburlbreakpenalty=\count435
\c@biburlnumpenalty=\count436
\c@biburlucpenalty=\count437
\c@biburllcpenalty=\count438
\biburlbigskip=\muskip20
\biburlnumskip=\muskip21
\biburlucskip=\muskip22
\biburllcskip=\muskip23
\c@smartand=\count439
)
Package biblatex Info: Trying to load bibliography style 'apa'...
Package biblatex Info: ... file 'apa.bbx' found.

(C:\Users\Zer0\AppData\Local\Programs\MiKTeX\tex/latex/biblatex-apa\apa.bbx
File: apa.bbx 2025/08/27 v9.20 APA biblatex references style
Package biblatex Info: Trying to load bibliography style 'standard'...
Package biblatex Info: ... file 'standard.bbx' found.

(C:\Users\Zer0\AppData\Local\Programs\MiKTeX\tex/latex/biblatex/bbx\standard.bb
x
File: standard.bbx 2024/03/21 v3.20 biblatex bibliography style (PK/MW)
\c@bbx:relatedcount=\count440
\c@bbx:relatedtotal=\count441
)
Package biblatex Info: Delimiter 'nameyeardelim' in context 'bib' already defin
ed, overwriting.
Package biblatex Info: Delimiter 'nameyeardelim' in context 'biblist' already d
efined, overwriting.
Package biblatex Info: Delimiter 'nonameyeardelim' in context 'bib' already def
ined, overwriting.
Package biblatex Info: Delimiter 'nonameyeardelim' in context 'biblist' already
 defined, overwriting.
)
Package biblatex Info: Trying to load citation style 'apa'...
Package biblatex Info: ... file 'apa.cbx' found.
 (C:\Users\Zer0\AppData\Local\Programs\MiKTeX\tex/latex/biblatex-apa\apa.cbx
File: apa.cbx 2025/08/27 v9.20 APA biblatex citation style
Package biblatex Info: Delimiter 'nameyeardelim' in context '' already defined,
 overwriting.
Package biblatex Info: Delimiter 'andothersdelim' in context '' already defined
, overwriting.
Package biblatex Info: Redefining '\fullcite'.
Package biblatex Info: Redefining '\citeauthor'.
Package biblatex Info: Redefining '\citeyear'.
Package biblatex Info: Redefining '\cite'.
Package biblatex Info: Redefining '\cites'.
Package biblatex Info: Redefining '\parencite'.
Package biblatex Info: Redefining '\parencites'.
Package biblatex Info: Redefining '\footcite'.
Package biblatex Info: Redefining '\footcites'.
Package biblatex Info: Redefining '\footcitetext'.
Package biblatex Info: Redefining '\footcitetexts'.
Package biblatex Info: Redefining '\smartcite'.
Package biblatex Info: Redefining '\smartcites'.
Package biblatex Info: Redefining '\textcite'.
Package biblatex Info: Redefining '\textcites'.
)
Package biblatex Info: Trying to load configuration file...
Package biblatex Info: ... file 'biblatex.cfg' found.
 (C:\Users\Zer0\AppData\Local\Programs\MiKTeX\tex/latex/biblatex\biblatex.cfg
File: biblatex.cfg 
)
Package biblatex Info: XeTeX detected.
(biblatex)             Assuming input encoding 'utf8'.
Package biblatex Info: Document encoding is UTF8 ....
Package biblatex Info: ... and expl3
(biblatex)             2024-05-08 L3 programming layer (loader) 
(biblatex)             is new enough (at least 2020/04/06),
(biblatex)             setting 'casechanger=expl3'.

(C:\Users\Zer0\AppData\Local\Programs\MiKTeX\tex/latex/biblatex\blx-case-expl3.
sty
Package: blx-case-expl3 2024/03/21 v3.20 expl3 case changing code for biblatex
))

Package biblatex Warning: 'babel/polyglossia' detected but 'csquotes' missing.
(biblatex)                Loading 'csquotes' recommended.

\@quotelevel=\count442
\@quotereset=\count443
(essay.aux)
\openout1 = `essay.aux'.

LaTeX Font Info:    Checking defaults for OML/cmm/m/it on input line 35.
LaTeX Font Info:    ... okay on input line 35.
LaTeX Font Info:    Checking defaults for OMS/cmsy/m/n on input line 35.
LaTeX Font Info:    ... okay on input line 35.
LaTeX Font Info:    Checking defaults for OT1/cmr/m/n on input line 35.
LaTeX Font Info:    ... okay on input line 35.
LaTeX Font Info:    Checking defaults for T1/cmr/m/n on input line 35.
LaTeX Font Info:    ... okay on input line 35.
LaTeX Font Info:    Checking defaults for TS1/cmr/m/n on input line 35.
LaTeX Font Info:    ... okay on input line 35.
LaTeX Font Info:    Checking defaults for TU/lmr/m/n on input line 35.
LaTeX Font Info:    ... okay on input line 35.
LaTeX Font Info:    Checking defaults for OMX/cmex/m/n on input line 35.
LaTeX Font Info:    ... okay on input line 35.
LaTeX Font Info:    Checking defaults for U/cmr/m/n on input line 35.
LaTeX Font Info:    ... okay on input line 35.
Package caption Info: Begin \AtBeginDocument code.
Package caption Info: End \AtBeginDocument code.

*geometry* driver: auto-detecting
*geometry* detected driver: xetex
*geometry* verbose mode - [ preamble ] result:
* driver: xetex
* paper: a4paper
* layout: <same size as paper>
* layoutoffset:(h,v)=(0.0pt,0.0pt)
* modes: 
* h-part:(L,W,R)=(71.13188pt, 455.24411pt, 71.13188pt)
* v-part:(T,H,B)=(71.13188pt, 702.78308pt, 71.13188pt)
* \paperwidth=597.50787pt
* \paperheight=845.04684pt
* \textwidth=455.24411pt
* \textheight=702.78308pt
* \oddsidemargin=-1.1381pt
* \evensidemargin=-1.1381pt
* \topmargin=-38.1381pt
* \headheight=12.0pt
* \headsep=25.0pt
* \topskip=11.0pt
* \footskip=30.0pt
* \marginparwidth=50.0pt
* \marginparsep=10.0pt
* \columnsep=10.0pt
* \skip\footins=10.0pt plus 4.0pt minus 2.0pt
* \hoffset=0.0pt
* \voffset=0.0pt
* \mag=1000
* \@twocolumnfalse
* \@twosidefalse
* \@mparswitchfalse
* \@reversemarginfalse
* (1in=72.27pt=25.4mm, 1cm=28.453pt)

Package biblatex Info: Trying to load language 'ngerman' -> 'ngerman-apa'...
Package biblatex Info: ... file 'ngerman-apa.lbx' found.

(C:\Users\Zer0\AppData\Local\Programs\MiKTeX\tex/latex/biblatex-apa\ngerman-apa
.lbx
File: ngerman-apa.lbx 2025/08/27 v9.20 APA biblatex localisation
Package biblatex Info: Trying to load language 'ngerman'...
Package biblatex Info: ... file 'ngerman.lbx' found.

(C:\Users\Zer0\AppData\Local\Programs\MiKTeX\tex/latex/biblatex/lbx\ngerman.lbx
File: ngerman.lbx 2024/03/21 v3.20 biblatex localization (PK/MW)
Package biblatex Info: Trying to load language 'german' -> 'german-apa'...
Package biblatex Info: ... file 'german-apa.lbx' found.

(C:\Users\Zer0\AppData\Local\Programs\MiKTeX\tex/latex/biblatex-apa\german-apa.
lbx
File: german-apa.lbx 2025/08/27 v9.20 APA biblatex localisation
Package biblatex Info: Trying to load language 'german'...
Package biblatex Info: ... file 'german.lbx' found.

(C:\Users\Zer0\AppData\Local\Programs\MiKTeX\tex/latex/biblatex/lbx\german.lbx
File: german.lbx 2024/03/21 v3.20 biblatex localization (PK/MW)
)))
Package biblatex Info: Trying to load language 'ngerman'...
Package biblatex Info: ... file 'ngerman.lbx' found.

(C:\Users\Zer0\AppData\Local\Programs\MiKTeX\tex/latex/biblatex/lbx\ngerman.lbx
File: ngerman.lbx 2024/03/21 v3.20 biblatex localization (PK/MW)
Package biblatex Info: Trying to load language 'german' -> 'german-apa'...
Package biblatex Info: ... file 'german-apa.lbx' found.

(C:\Users\Zer0\AppData\Local\Programs\MiKTeX\tex/latex/biblatex-apa\german-apa.
lbx
File: german-apa.lbx 2025/08/27 v9.20 APA biblatex localisation
Package biblatex Info: Trying to load language 'german'...
Package biblatex Info: ... file 'german.lbx' found.

(C:\Users\Zer0\AppData\Local\Programs\MiKTeX\tex/latex/biblatex/lbx\german.lbx
File: german.lbx 2024/03/21 v3.20 biblatex localization (PK/MW)
))))
Package biblatex Info: XeTeX detected.
(biblatex)             Assuming input encoding 'utf8'.
Package biblatex Info: Automatic encoding selection.
(biblatex)             Assuming data encoding 'utf8'.
\openout3 = `essay.bcf'.

Package biblatex Info: Trying to load bibliographic data...
Package biblatex Info: ... file 'essay.bbl' found.
 (essay.bbl

Package biblatex Warning: The following entry could not be found
(biblatex)                in the database:
(biblatex)                ZionMarketResearch
(biblatex)                Please verify the spelling and rerun
(biblatex)                LaTeX afterwards.

)
Package biblatex Info: Reference section=0 on input line 35.
Package biblatex Info: Reference segment=0 on input line 35.
LaTeX Font Info:    Font shape `TU/LibertinusSerif(0)/m/n' will be
(Font)              scaled to size 17.28pt on input line 37.
Requested font "[LibertinusSerif-Regular.otf]/OT:script=latn;language=dflt;+hv-
kern;+tnum;+lnum;mapping=tex-text;" at 17.28pt
 -> C:/Users/Zer0/AppData/Local/Programs/MiKTeX/fonts/opentype/public/libertinu
s-fonts/LibertinusSerif-Regular.otf
LaTeX Font Info:    Font shape `TU/LibertinusSerif(0)/m/n' will be
(Font)              scaled to size 12.0pt on input line 37.
Requested font "[LibertinusSerif-Regular.otf]/OT:script=latn;language=dflt;+hv-
kern;+tnum;+lnum;mapping=tex-text;" at 12.0pt
 -> C:/Users/Zer0/AppData/Local/Programs/MiKTeX/fonts/opentype/public/libertinu
s-fonts/LibertinusSerif-Regular.otf
Requested font "[LibertinusMath-Regular.otf]/OT:script=math;language=dflt;" at 
12.0pt
 -> C:/Users/Zer0/AppData/Local/Programs/MiKTeX/fonts/opentype/public/libertinu
s-fonts/LibertinusMath-Regular.otf
Requested font "[LibertinusMath-Regular.otf]/OT:script=math;language=dflt;+ssty
=0;" at 8.0pt
 -> C:/Users/Zer0/AppData/Local/Programs/MiKTeX/fonts/opentype/public/libertinu
s-fonts/LibertinusMath-Regular.otf
Requested font "[LibertinusMath-Regular.otf]/OT:script=math;language=dflt;+ssty
=1;" at 6.0pt
 -> C:/Users/Zer0/AppData/Local/Programs/MiKTeX/fonts/opentype/public/libertinu
s-fonts/LibertinusMath-Regular.otf
Requested font "cmmi12" at 12.0pt
Requested font "cmmi8" at 8.0pt
Requested font "cmmi6" at 6.0pt
LaTeX Font Info:    Font shape `TU/LibertinusMath-Regular.otf(2)/m/n' will be
(Font)              scaled to size 12.00128pt on input line 37.
Requested font "[LibertinusMath-Regular.otf]/OT:script=math;language=dflt;" at 
12.00128pt
 -> C:/Users/Zer0/AppData/Local/Programs/MiKTeX/fonts/opentype/public/libertinu
s-fonts/LibertinusMath-Regular.otf
LaTeX Font Info:    Font shape `TU/LibertinusMath-Regular.otf(2)/m/n' will be
(Font)              scaled to size 8.00085pt on input line 37.
Requested font "[LibertinusMath-Regular.otf]/OT:script=math;language=dflt;+ssty
=0;" at 8.00085pt
 -> C:/Users/Zer0/AppData/Local/Programs/MiKTeX/fonts/opentype/public/libertinu
s-fonts/LibertinusMath-Regular.otf
LaTeX Font Info:    Font shape `TU/LibertinusMath-Regular.otf(2)/m/n' will be
(Font)              scaled to size 6.00064pt on input line 37.
Requested font "[LibertinusMath-Regular.otf]/OT:script=math;language=dflt;+ssty
=1;" at 6.00064pt
 -> C:/Users/Zer0/AppData/Local/Programs/MiKTeX/fonts/opentype/public/libertinu
s-fonts/LibertinusMath-Regular.otf
LaTeX Font Info:    Font shape `TU/LibertinusMath-Regular.otf(3)/m/n' will be
(Font)              scaled to size 11.99872pt on input line 37.
Requested font "[LibertinusMath-Regular.otf]/OT:script=math;language=dflt;" at 
11.99872pt
 -> C:/Users/Zer0/AppData/Local/Programs/MiKTeX/fonts/opentype/public/libertinu
s-fonts/LibertinusMath-Regular.otf
LaTeX Font Info:    Font shape `TU/LibertinusMath-Regular.otf(3)/m/n' will be
(Font)              scaled to size 7.99915pt on input line 37.
Requested font "[LibertinusMath-Regular.otf]/OT:script=math;language=dflt;+ssty
=0;" at 7.99915pt
 -> C:/Users/Zer0/AppData/Local/Programs/MiKTeX/fonts/opentype/public/libertinu
s-fonts/LibertinusMath-Regular.otf
LaTeX Font Info:    Font shape `TU/LibertinusMath-Regular.otf(3)/m/n' will be
(Font)              scaled to size 5.99936pt on input line 37.
Requested font "[LibertinusMath-Regular.otf]/OT:script=math;language=dflt;+ssty
=1;" at 5.99936pt
 -> C:/Users/Zer0/AppData/Local/Programs/MiKTeX/fonts/opentype/public/libertinu
s-fonts/LibertinusMath-Regular.otf
LaTeX Font Info:    Font shape `TU/LibertinusSerif(0)/m/n' will be
(Font)              scaled to size 14.4pt on input line 39.
Requested font "[LibertinusSerif-Regular.otf]/OT:script=latn;language=dflt;+hv-
kern;+tnum;+lnum;mapping=tex-text;" at 14.4pt
 -> C:/Users/Zer0/AppData/Local/Programs/MiKTeX/fonts/opentype/public/libertinu
s-fonts/LibertinusSerif-Regular.otf
LaTeX Font Info:    Font shape `TU/LibertinusSerif(0)/b/n' will be
(Font)              scaled to size 14.4pt on input line 39.
Requested font "[LibertinusSerif-Bold.otf]/OT:script=latn;language=dflt;+hv-ker
n;+tnum;+lnum;mapping=tex-text;" at 14.4pt
 -> C:/Users/Zer0/AppData/Local/Programs/MiKTeX/fonts/opentype/public/libertinu
s-fonts/LibertinusSerif-Bold.otf
 (essay.toc
LaTeX Font Info:    Font shape `TU/LibertinusSerif(0)/b/n' will be
(Font)              scaled to size 10.95pt on input line 2.
Requested font "[LibertinusSerif-Bold.otf]/OT:script=latn;language=dflt;+hv-ker
n;+tnum;+lnum;mapping=tex-text;" at 10.95pt
 -> C:/Users/Zer0/AppData/Local/Programs/MiKTeX/fonts/opentype/public/libertinu
s-fonts/LibertinusSerif-Bold.otf
Requested font "[LibertinusMath-Regular.otf]/OT:script=math;language=dflt;+ssty
=0;" at 8.76pt
 -> C:/Users/Zer0/AppData/Local/Programs/MiKTeX/fonts/opentype/public/libertinu
s-fonts/LibertinusMath-Regular.otf
Requested font "[LibertinusMath-Regular.otf]/OT:script=math;language=dflt;+ssty
=1;" at 6.57pt
 -> C:/Users/Zer0/AppData/Local/Programs/MiKTeX/fonts/opentype/public/libertinu
s-fonts/LibertinusMath-Regular.otf
Requested font "cmmi10" at 10.95pt
Requested font "cmmi8" at 8.76pt
Requested font "cmmi6" at 6.57pt
LaTeX Font Info:    Font shape `TU/LibertinusMath-Regular.otf(2)/m/n' will be
(Font)              scaled to size 10.95116pt on input line 2.
Requested font "[LibertinusMath-Regular.otf]/OT:script=math;language=dflt;" at 
10.95116pt
 -> C:/Users/Zer0/AppData/Local/Programs/MiKTeX/fonts/opentype/public/libertinu
s-fonts/LibertinusMath-Regular.otf
LaTeX Font Info:    Font shape `TU/LibertinusMath-Regular.otf(2)/m/n' will be
(Font)              scaled to size 8.76093pt on input line 2.
Requested font "[LibertinusMath-Regular.otf]/OT:script=math;language=dflt;+ssty
=0;" at 8.76093pt
 -> C:/Users/Zer0/AppData/Local/Programs/MiKTeX/fonts/opentype/public/libertinu
s-fonts/LibertinusMath-Regular.otf
LaTeX Font Info:    Font shape `TU/LibertinusMath-Regular.otf(2)/m/n' will be
(Font)              scaled to size 6.5707pt on input line 2.
Requested font "[LibertinusMath-Regular.otf]/OT:script=math;language=dflt;+ssty
=1;" at 6.5707pt
 -> C:/Users/Zer0/AppData/Local/Programs/MiKTeX/fonts/opentype/public/libertinu
s-fonts/LibertinusMath-Regular.otf
LaTeX Font Info:    Font shape `TU/LibertinusMath-Regular.otf(3)/m/n' will be
(Font)              scaled to size 10.94882pt on input line 2.
Requested font "[LibertinusMath-Regular.otf]/OT:script=math;language=dflt;" at 
10.94882pt
 -> C:/Users/Zer0/AppData/Local/Programs/MiKTeX/fonts/opentype/public/libertinu
s-fonts/LibertinusMath-Regular.otf
LaTeX Font Info:    Font shape `TU/LibertinusMath-Regular.otf(3)/m/n' will be
(Font)              scaled to size 8.75905pt on input line 2.
Requested font "[LibertinusMath-Regular.otf]/OT:script=math;language=dflt;+ssty
=0;" at 8.75905pt
 -> C:/Users/Zer0/AppData/Local/Programs/MiKTeX/fonts/opentype/public/libertinu
s-fonts/LibertinusMath-Regular.otf
LaTeX Font Info:    Font shape `TU/LibertinusMath-Regular.otf(3)/m/n' will be
(Font)              scaled to size 6.5693pt on input line 2.
Requested font "[LibertinusMath-Regular.otf]/OT:script=math;language=dflt;+ssty
=1;" at 6.5693pt
 -> C:/Users/Zer0/AppData/Local/Programs/MiKTeX/fonts/opentype/public/libertinu
s-fonts/LibertinusMath-Regular.otf
)
\tf@toc=\write4
\openout4 = `essay.toc'.



[1

] (src/introduction.tex) (src/research_agenda.tex

[2

]

LaTeX Warning: Citation 'ZionMarketResearch' on page 3 undefined on input line 
3.

) (src/data_overview.tex

[3

]
LaTeX Font Info:    Font shape `TU/LibertinusSerif(0)/b/n' will be
(Font)              scaled to size 12.0pt on input line 2.
Requested font "[LibertinusSerif-Bold.otf]/OT:script=latn;language=dflt;+hv-ker
n;+tnum;+lnum;mapping=tex-text;" at 12.0pt
 -> C:/Users/Zer0/AppData/Local/Programs/MiKTeX/fonts/opentype/public/libertinu
s-fonts/LibertinusSerif-Bold.otf
) (src/methods_overview.tex

[4

]) (src/related_work.tex

[5

]) (src/experiment_design.tex

[6

]) (src/results_and_discussion.tex

[7

]
File: ./assets/PlotTotal.png Graphic file (type bmp)
<./assets/PlotTotal.png>
LaTeX Font Info:    Font shape `TU/LibertinusSerif(0)/m/n' will be
(Font)              scaled to size 10.0pt on input line 8.
Requested font "[LibertinusSerif-Regular.otf]/OT:script=latn;language=dflt;+hv-
kern;+tnum;+lnum;mapping=tex-text;" at 10.0pt
 -> C:/Users/Zer0/AppData/Local/Programs/MiKTeX/fonts/opentype/public/libertinu
s-fonts/LibertinusSerif-Regular.otf
File: ./assets/PlotTotalGenreTable.png Graphic file (type bmp)
<./assets/PlotTotalGenreTable.png>
File: ./assets/PlotTotalMovieTable.png Graphic file (type bmp)
<./assets/PlotTotalMovieTable.png>
File: ./assets/PlotMainAverageNiche2.png Graphic file (type bmp)
<./assets/PlotMainAverageNiche2.png>


[8

]

[9]

[10]
File: ./assets/Plot2005To2009.png Graphic file (type bmp)
<./assets/Plot2005To2009.png>
File: ./assets/Plot2005To2009GenreTable.png Graphic file (type bmp)
<./assets/Plot2005To2009GenreTable.png>
File: ./assets/Plot2005To2009MovieTable.png Graphic file (type bmp)
<./assets/Plot2005To2009MovieTable.png>
File: ./assets/Plot1995To2000.png Graphic file (type bmp)
<./assets/Plot1995To2000.png>
File: ./assets/Plot1995To2000GenreTable.png Graphic file (type bmp)
<./assets/Plot1995To2000GenreTable.png>
File: ./assets/Plot1995To2000MovieTable.png Graphic file (type bmp)
<./assets/Plot1995To2000MovieTable.png>


[11

]) (src/conclusion.tex

[12

]) (src/references.tex)

[13

]
LaTeX Font Info:    Font shape `TU/LibertinusSerif(0)/m/it' will be
(Font)              scaled to size 10.95pt on input line 54.
Requested font "[LibertinusSerif-Italic.otf]/OT:script=latn;language=dflt;+hv-k
ern;+tnum;+lnum;mapping=tex-text;" at 10.95pt
 -> C:/Users/Zer0/AppData/Local/Programs/MiKTeX/fonts/opentype/public/libertinu
s-fonts/LibertinusSerif-Italic.otf


[14

] (essay.aux)
 ***********
LaTeX2e <2024-06-01>
L3 programming layer <2024-05-08>
 ***********
Package logreq Info: Writing requests to 'essay.run.xml'.
\openout1 = `essay.run.xml'.

 ) 
Here is how much of TeX's memory you used:
 21445 strings out of 409068
 442182 string characters out of 5757835
 1933545 words of memory out of 5000000
 43805 multiletter control sequences out of 15000+600000
 564910 words of font info for 100 fonts, out of 8000000 for 9000
 1350 hyphenation exceptions out of 8191
 120i,7n,154p,754b,7347s stack positions out of 10000i,1000n,20000p,200000b,200000s

Output written on essay.pdf (14 pages).
